<?xml version="1.0" encoding="UTF-8"?>
<!-- Generated by org.testng.reporters.JUnitReportReporter -->
<testsuite skipped="0" hostname="LAPTOP-JTNN1PTL" name="SampleTest" tests="1" failures="0" timestamp="2023-09-01T14:47:30 EDT" time="6.831" errors="0">
  <testcase name="JiraHomePageText" time="6.831" classname="SampleTest"/>
  <system-out/>
</testsuite> <!-- SampleTest -->
