<?xml version="1.0" encoding="UTF-8"?>
<!-- Generated by org.testng.reporters.JUnitReportReporter -->
<testsuite skipped="0" hostname="LAPTOP-JTNN1PTL" name="testRunner.TestRunner" tests="1" failures="0" timestamp="2021-06-30T07:00:32 EDT" time="0.015" errors="0">
  <testcase name="feature" time="0.015" classname="testRunner.TestRunner"/>
  <system-out/>
</testsuite> <!-- testRunner.TestRunner -->
