<?xml version="1.0" encoding="UTF-8"?>
<!-- Generated by org.testng.reporters.JUnitReportReporter -->
<testsuite skipped="0" hostname="LAPTOP-JTNN1PTL" name="stepDefinitions.barcode" tests="1" failures="0" timestamp="2022-05-20T14:05:24 IST" time="23.735" errors="0">
  <testcase name="barcodeAutomate" time="23.735" classname="stepDefinitions.barcode"/>
  <system-out/>
</testsuite> <!-- stepDefinitions.barcode -->
