<?xml version="1.0" encoding="UTF-8"?>
<!-- Generated by org.testng.reporters.JUnitReportReporter -->
<testsuite skipped="0" hostname="LAPTOP-JTNN1PTL" name="Newsletter.TestCaseWithAndWithoutPriority" tests="3" failures="0" timestamp="2023-09-09T12:11:51 EDT" time="5.063" errors="0">
  <testcase name="testmethodC" time="1.813" classname="Newsletter.TestCaseWithAndWithoutPriority"/>
  <system-out/>
  <testcase name="testmethodA" time="1.643" classname="Newsletter.TestCaseWithAndWithoutPriority"/>
  <system-out/>
  <testcase name="testmethodB" time="1.607" classname="Newsletter.TestCaseWithAndWithoutPriority"/>
  <system-out/>
</testsuite> <!-- Newsletter.TestCaseWithAndWithoutPriority -->
