<?xml version="1.0" encoding="UTF-8"?>
<!-- Generated by org.testng.reporters.JUnitReportReporter -->
<testsuite skipped="0" hostname="LAPTOP-JTNN1PTL" name="Newsletter.TestNGParameters" tests="1" failures="0" timestamp="2023-09-09T13:28:20 EDT" time="18.447" errors="0">
  <testcase name="testmethodA" time="18.447" classname="Newsletter.TestNGParameters"/>
  <system-out/>
</testsuite> <!-- Newsletter.TestNGParameters -->
