<?xml version="1.0" encoding="UTF-8"?>
<!-- Generated by org.testng.reporters.JUnitReportReporter -->
<testsuite skipped="0" hostname="LAPTOP-JTNN1PTL" name="Shopping.CartTest" tests="4" failures="0" timestamp="2022-11-01T21:04:21 EDT" time="29.015" errors="0">
  <testcase name="verify_added_product_in_cart_page_after_addtition" time="2.295" classname="Shopping.CartTest"/>
  <system-out/>
  <testcase name="verify_added_product_in_cart_page" time="2.476" classname="Shopping.CartTest"/>
  <system-out/>
  <testcase name="verify_checkout" time="1.543" classname="Shopping.CartTest"/>
  <system-out/>
  <testcase name="verify_checkout_after_product_addition_and_continue_as_guest" time="22.701" classname="Shopping.CartTest"/>
  <system-out/>
</testsuite> <!-- Shopping.CartTest -->
