<?xml version="1.0" encoding="UTF-8"?>
<!-- Generated by org.testng.reporters.JUnitReportReporter -->
<testsuite skipped="0" hostname="LAPTOP-JTNN1PTL" name="Academy.HomePageTest" tests="1" failures="0" timestamp="2022-11-01T02:11:56 EDT" time="1.978" errors="0">
  <testcase name="select_and_verify_country" time="1.978" classname="Academy.HomePageTest"/>
  <system-out/>
</testsuite> <!-- Academy.HomePageTest -->
