<?xml version="1.0" encoding="UTF-8"?>
<!-- Generated by org.testng.reporters.JUnitReportReporter -->
<testsuite skipped="0" hostname="LAPTOP-JTNN1PTL" name="Newsletter.TestNGDependentClass" tests="2" failures="0" timestamp="2023-09-09T13:45:49 EDT" time="0.011" errors="0">
  <testcase name="LoginPage" time="0.009" classname="Newsletter.TestNGDependentClass"/>
  <system-out/>
  <testcase name="HomePage" time="0.002" classname="Newsletter.TestNGDependentClass"/>
  <system-out/>
</testsuite> <!-- Newsletter.TestNGDependentClass -->
