<?xml version="1.0" encoding="UTF-8"?>
<!-- Generated by org.testng.reporters.JUnitReportReporter -->
<testsuite skipped="0" hostname="LAPTOP-JTNN1PTL" name="Newsletter.TestNGDataProvider" tests="3" failures="0" timestamp="2023-09-09T13:39:03 EDT" time="10.721" errors="0">
  <testcase name="testmethodA" time="5.115" classname="Newsletter.TestNGDataProvider"/>
  <system-out/>
  <testcase name="testmethodA" time="2.867" classname="Newsletter.TestNGDataProvider"/>
  <system-out/>
  <testcase name="testmethodA" time="2.739" classname="Newsletter.TestNGDataProvider"/>
  <system-out/>
</testsuite> <!-- Newsletter.TestNGDataProvider -->
