<?xml version="1.0" encoding="UTF-8"?>
<!-- Generated by org.testng.reporters.JUnitReportReporter -->
<testsuite skipped="0" hostname="LAPTOP-JTNN1PTL" name="Academy.Catelog" tests="2" failures="0" timestamp="2022-10-31T19:05:28 EDT" time="0.007" errors="0">
  <testcase name="select_product_after_returning_from_cart" time="0.004" classname="Academy.Catelog"/>
  <system-out/>
  <testcase name="select_products" time="0.003" classname="Academy.Catelog"/>
  <system-out/>
</testsuite> <!-- Academy.Catelog -->
