<?xml version="1.0" encoding="UTF-8"?>
<!-- Generated by org.testng.reporters.JUnitReportReporter -->
<testsuite skipped="0" hostname="LAPTOP-JTNN1PTL" name="Shopping.TestCaseWithAndWithoutPriority" tests="3" failures="0" timestamp="2023-09-09T10:34:04 EDT" time="17.468" errors="0">
  <testcase name="testmethodC" time="3.551" classname="Shopping.TestCaseWithAndWithoutPriority"/>
  <system-out/>
  <testcase name="testmethodA" time="3.176" classname="Shopping.TestCaseWithAndWithoutPriority"/>
  <system-out/>
  <testcase name="testmethodB" time="10.741" classname="Shopping.TestCaseWithAndWithoutPriority"/>
  <system-out/>
</testsuite> <!-- Shopping.TestCaseWithAndWithoutPriority -->
