<?xml version="1.0" encoding="UTF-8"?>
<!-- Generated by org.testng.reporters.JUnitReportReporter -->
<testsuite skipped="0" hostname="LAPTOP-JTNN1PTL" name="Academy.Cart" tests="1" failures="0" timestamp="2022-10-31T19:05:28 EDT" time="0.003" errors="0">
  <testcase name="verify_add_to_cart_product" time="0.003" classname="Academy.Cart"/>
  <system-out/>
</testsuite> <!-- Academy.Cart -->
