<?xml version="1.0" encoding="UTF-8"?>
<!-- Generated by org.testng.reporters.JUnitReportReporter -->
<testsuite skipped="0" hostname="LAPTOP-JTNN1PTL" name="Academy.CatelogTest" tests="3" failures="0" timestamp="2022-11-01T02:11:56 EDT" time="34.123" errors="0">
  <testcase name="select_and_verify_solid_colors_from_menu" time="2.944" classname="Academy.CatelogTest"/>
  <system-out/>
  <testcase name="select_product_after_returning_from_cart" time="5.677" classname="Academy.CatelogTest"/>
  <system-out/>
  <testcase name="add_and_verify_cart" time="25.502" classname="Academy.CatelogTest"/>
  <system-out/>
</testsuite> <!-- Academy.CatelogTest -->
