<?xml version="1.0" encoding="UTF-8"?>
<!-- Generated by org.testng.reporters.JUnitReportReporter -->
<testsuite skipped="0" hostname="LAPTOP-JTNN1PTL" name="com.newsletter.selenium_frameworks.LoginTest" tests="3" failures="0" timestamp="2023-10-14T21:57:53 EDT" time="0.011" errors="0">
  <testcase name="validLoginTest" time="0.002" classname="com.newsletter.selenium_frameworks.LoginTest"/>
  <system-out/>
  <testcase name="validLoginTest" time="0.007" classname="com.newsletter.selenium_frameworks.LoginTest"/>
  <system-out/>
  <testcase name="validLoginTest" time="0.002" classname="com.newsletter.selenium_frameworks.LoginTest"/>
  <system-out/>
</testsuite> <!-- com.newsletter.selenium_frameworks.LoginTest -->
