<?xml version="1.0" encoding="UTF-8"?>
<!-- Generated by org.testng.reporters.JUnitReportReporter -->
<testsuite skipped="0" hostname="LAPTOP-JTNN1PTL" name="com.newsletter.automation_framework_from_scratch.LoginTest" tests="1" failures="0" timestamp="2023-10-14T20:42:57 EDT" time="2.366" errors="0">
  <testcase name="validLoginTest" time="2.366" classname="com.newsletter.automation_framework_from_scratch.LoginTest"/>
  <system-out/>
</testsuite> <!-- com.newsletter.automation_framework_from_scratch.LoginTest -->
