<?xml version="1.0" encoding="UTF-8"?>
<!-- Generated by org.testng.reporters.JUnitReportReporter -->
<testsuite skipped="0" hostname="LAPTOP-JTNN1PTL" name="cucumber.TestNgTestRunner" tests="1" failures="0" timestamp="2023-11-11T23:16:56 EST" time="0.210" errors="0">
  <testcase name="feature" time="0.210" classname="cucumber.TestNgTestRunner"/>
  <system-out/>
</testsuite> <!-- cucumber.TestNgTestRunner -->
