<?xml version="1.0" encoding="UTF-8"?>
<!-- Generated by org.testng.reporters.JUnitReportReporter -->
<testsuite skipped="0" hostname="LAPTOP-JTNN1PTL" name="Shopping.ContinueAsGuestTest" tests="2" failures="0" timestamp="2022-11-01T21:04:21 EDT" time="16.014" errors="0">
  <testcase name="verify_and_assert_clicked_on_continue_as_guest" time="7.310" classname="Shopping.ContinueAsGuestTest"/>
  <system-out/>
  <testcase name="find_stylist_by_zipcode_and_select_stylist_and_verify_shipping_address_page" time="8.704" classname="Shopping.ContinueAsGuestTest"/>
  <system-out/>
</testsuite> <!-- Shopping.ContinueAsGuestTest -->
