<?xml version="1.0" encoding="UTF-8"?>
<!-- Generated by org.testng.reporters.JUnitReportReporter -->
<testsuite skipped="0" hostname="LAPTOP-JTNN1PTL" name="Academy.CartTest" tests="2" failures="0" timestamp="2022-11-01T02:11:56 EDT" time="13.992" errors="0">
  <testcase name="verify_added_product_in_cart_page" time="12.818" classname="Academy.CartTest"/>
  <system-out/>
  <testcase name="verify_checkout" time="1.174" classname="Academy.CartTest"/>
  <system-out/>
</testsuite> <!-- Academy.CartTest -->
