<?xml version="1.0" encoding="UTF-8"?>
<!-- Generated by org.testng.reporters.JUnitReportReporter -->
<testsuite skipped="0" hostname="LAPTOP-JTNN1PTL" name="Shopping.TestCaseWithSamePriority" tests="2" failures="0" timestamp="2023-09-08T22:51:24 EDT" time="7.684" errors="0">
  <testcase name="testmethodA" time="2.738" classname="Shopping.TestCaseWithSamePriority"/>
  <system-out/>
  <testcase name="testmethodB" time="4.946" classname="Shopping.TestCaseWithSamePriority"/>
  <system-out/>
</testsuite> <!-- Shopping.TestCaseWithSamePriority -->
