<?xml version="1.0" encoding="UTF-8"?>
<!-- Generated by org.testng.reporters.JUnitReportReporter -->
<testsuite skipped="0" hostname="LAPTOP-JTNN1PTL" name="Newsletter.TestCaseWithAssignedPriority" tests="2" failures="0" timestamp="2023-09-09T12:11:51 EDT" time="4.441" errors="0">
  <testcase name="testmethodA" time="2.691" classname="Newsletter.TestCaseWithAssignedPriority"/>
  <system-out/>
  <testcase name="testmethodB" time="1.750" classname="Newsletter.TestCaseWithAssignedPriority"/>
  <system-out/>
</testsuite> <!-- Newsletter.TestCaseWithAssignedPriority -->
