<?xml version="1.0" encoding="UTF-8"?>
<!-- Generated by org.testng.reporters.JUnitReportReporter -->
<testsuite skipped="0" hostname="LAPTOP-JTNN1PTL" name="Shopping.CatelogTest" tests="3" failures="0" timestamp="2022-11-01T21:04:21 EDT" time="10.068" errors="0">
  <testcase name="select_and_verify_solid_colors_from_menu" time="7.494" classname="Shopping.CatelogTest"/>
  <system-out/>
  <testcase name="select_product_after_returning_from_cart" time="0.871" classname="Shopping.CatelogTest"/>
  <system-out/>
  <testcase name="add_and_verify_cart" time="1.703" classname="Shopping.CatelogTest"/>
  <system-out/>
</testsuite> <!-- Shopping.CatelogTest -->
