<?xml version="1.0" encoding="UTF-8"?>
<!-- Generated by org.testng.reporters.JUnitReportReporter -->
<testsuite skipped="0" hostname="LAPTOP-JTNN1PTL" name="Newsletter.TestNGGroups" tests="1" failures="0" timestamp="2023-09-09T13:26:51 EDT" time="8.817" errors="0">
  <testcase name="smokeTest" time="8.817" classname="Newsletter.TestNGGroups"/>
  <system-out/>
</testsuite> <!-- Newsletter.TestNGGroups -->
