<?xml version="1.0" encoding="UTF-8"?>
<!-- Generated by org.testng.reporters.JUnitReportReporter -->
<testsuite skipped="0" hostname="LAPTOP-JTNN1PTL" name="Shopping.TestCaseWithAssignedPriority" tests="2" failures="0" timestamp="2023-09-08T22:38:18 EDT" time="7.688" errors="0">
  <testcase name="testmethodA" time="2.612" classname="Shopping.TestCaseWithAssignedPriority"/>
  <system-out/>
  <testcase name="testmethodB" time="5.076" classname="Shopping.TestCaseWithAssignedPriority"/>
  <system-out/>
</testsuite> <!-- Shopping.TestCaseWithAssignedPriority -->
