<?xml version="1.0" encoding="UTF-8"?>
<!-- Generated by org.testng.reporters.JUnitReportReporter -->
<testsuite skipped="0" hostname="LAPTOP-JTNN1PTL" name="Newsletter.TestCaseWithSamePriority" tests="2" failures="0" timestamp="2023-09-09T12:11:51 EDT" time="3.400" errors="0">
  <testcase name="testmethodA" time="1.590" classname="Newsletter.TestCaseWithSamePriority"/>
  <system-out/>
  <testcase name="testmethodB" time="1.810" classname="Newsletter.TestCaseWithSamePriority"/>
  <system-out/>
</testsuite> <!-- Newsletter.TestCaseWithSamePriority -->
